# JRE version: Java(TM) SE Runtime Environment 18.9 (11.0.12+8) (build 11.0.12+8-LTS-237)
# Java VM: Java HotSpot(TM) 64-Bit Server VM 18.9 (11.0.12+8-LTS-237, mixed mode, tiered, compressed oops, g1 gc, windows-amd64)
Heap:
 garbage-first heap   total 126976K, used 23063K [0x0000000084a00000, 0x0000000100000000)
  region size 1024K, 15 young (15360K), 4 survivors (4096K)
 Metaspace       used 29914K, capacity 30806K, committed 31152K, reserved 1077248K
  class space    used 3403K, capacity 3749K, committed 3840K, reserved 1048576K
GC Heap History (6 events):
Event: 0.709 GC heap before
{Heap before GC invocations=0 (full 0):
 garbage-first heap   total 126976K, used 13312K [0x0000000084a00000, 0x0000000100000000)
  region size 1024K, 14 young (14336K), 0 survivors (0K)
 Metaspace       used 7152K, capacity 7257K, committed 7424K, reserved 1056768K
  class space    used 643K, capacity 672K, committed 768K, reserved 1048576K
}
Event: 0.715 GC heap after
{Heap after GC invocations=1 (full 0):
 garbage-first heap   total 126976K, used 5320K [0x0000000084a00000, 0x0000000100000000)
  region size 1024K, 2 young (2048K), 2 survivors (2048K)
 Metaspace       used 7152K, capacity 7257K, committed 7424K, reserved 1056768K
  class space    used 643K, capacity 672K, committed 768K, reserved 1048576K
}
Event: 2.660 GC heap before
{Heap before GC invocations=1 (full 0):
 garbage-first heap   total 126976K, used 56520K [0x0000000084a00000, 0x0000000100000000)
  region size 1024K, 53 young (54272K), 2 survivors (2048K)
 Metaspace       used 20575K, capacity 21134K, committed 21296K, reserved 1069056K
  class space    used 2176K, capacity 2369K, committed 2432K, reserved 1048576K
}
Event: 2.670 GC heap after
{Heap after GC invocations=2 (full 0):
 garbage-first heap   total 126976K, used 9082K [0x0000000084a00000, 0x0000000100000000)
  region size 1024K, 6 young (6144K), 6 survivors (6144K)
 Metaspace       used 20575K, capacity 21134K, committed 21296K, reserved 1069056K
  class space    used 2176K, capacity 2369K, committed 2432K, reserved 1048576K
}
Event: 4.063 GC heap before
{Heap before GC invocations=3 (full 0):
 garbage-first heap   total 126976K, used 45946K [0x0000000084a00000, 0x0000000100000000)
  region size 1024K, 42 young (43008K), 6 survivors (6144K)
 Metaspace       used 27655K, capacity 28427K, committed 28720K, reserved 1075200K
  class space    used 3101K, capacity 3405K, committed 3456K, reserved 1048576K
}
Event: 4.081 GC heap after
{Heap after GC invocations=4 (full 0):
 garbage-first heap   total 126976K, used 12823K [0x0000000084a00000, 0x0000000100000000)
  region size 1024K, 4 young (4096K), 4 survivors (4096K)
 Metaspace       used 27655K, capacity 28427K, committed 28720K, reserved 1075200K
  class space    used 3101K, capacity 3405K, committed 3456K, reserved 1048576K
}

