# JRE version: Java(TM) SE Runtime Environment 18.9 (11.0.12+8) (build 11.0.12+8-LTS-237)
# Java VM: Java HotSpot(TM) 64-Bit Server VM 18.9 (11.0.12+8-LTS-237, mixed mode, tiered, compressed oops, g1 gc, windows-amd64)
Heap:
 garbage-first heap   total 126976K, used 21539K [0x0000000084a00000, 0x0000000100000000)
  region size 1024K, 14 young (14336K), 5 survivors (5120K)
 Metaspace       used 29775K, capacity 30670K, committed 30768K, reserved 1077248K
  class space    used 3357K, capacity 3701K, committed 3712K, reserved 1048576K
GC Heap History (6 events):
Event: 0.770 GC heap before
{Heap before GC invocations=0 (full 0):
 garbage-first heap   total 126976K, used 13312K [0x0000000084a00000, 0x0000000100000000)
  region size 1024K, 14 young (14336K), 0 survivors (0K)
 Metaspace       used 7291K, capacity 7417K, committed 7680K, reserved 1056768K
  class space    used 664K, capacity 704K, committed 768K, reserved 1048576K
}
Event: 0.775 GC heap after
{Heap after GC invocations=1 (full 0):
 garbage-first heap   total 126976K, used 5307K [0x0000000084a00000, 0x0000000100000000)
  region size 1024K, 2 young (2048K), 2 survivors (2048K)
 Metaspace       used 7291K, capacity 7417K, committed 7680K, reserved 1056768K
  class space    used 664K, capacity 704K, committed 768K, reserved 1048576K
}
Event: 2.976 GC heap before
{Heap before GC invocations=1 (full 0):
 garbage-first heap   total 126976K, used 55483K [0x0000000084a00000, 0x0000000100000000)
  region size 1024K, 52 young (53248K), 2 survivors (2048K)
 Metaspace       used 20649K, capacity 21162K, committed 21296K, reserved 1069056K
  class space    used 2182K, capacity 2402K, committed 2432K, reserved 1048576K
}
Event: 2.989 GC heap after
{Heap after GC invocations=2 (full 0):
 garbage-first heap   total 126976K, used 9010K [0x0000000084a00000, 0x0000000100000000)
  region size 1024K, 6 young (6144K), 6 survivors (6144K)
 Metaspace       used 20649K, capacity 21162K, committed 21296K, reserved 1069056K
  class space    used 2182K, capacity 2402K, committed 2432K, reserved 1048576K
}
Event: 5.075 GC heap before
{Heap before GC invocations=3 (full 0):
 garbage-first heap   total 126976K, used 47922K [0x0000000084a00000, 0x0000000100000000)
  region size 1024K, 44 young (45056K), 6 survivors (6144K)
 Metaspace       used 28352K, capacity 29180K, committed 29360K, reserved 1075200K
  class space    used 3173K, capacity 3506K, committed 3584K, reserved 1048576K
}
Event: 5.089 GC heap after
{Heap after GC invocations=4 (full 0):
 garbage-first heap   total 126976K, used 13347K [0x0000000084a00000, 0x0000000100000000)
  region size 1024K, 5 young (5120K), 5 survivors (5120K)
 Metaspace       used 28352K, capacity 29180K, committed 29360K, reserved 1075200K
  class space    used 3173K, capacity 3506K, committed 3584K, reserved 1048576K
}

